<?xml version="1.0" encoding="UTF-8"?>
<!-- Generated by org.testng.reporters.JUnitReportReporter -->
<testsuite hostname="DESKTOP-3HV04S5" failures="0" tests="3" name="testNG.test4" time="0.006" errors="0" timestamp="2025-01-30T19:05:05 IST" skipped="0">
  <testcase classname="testNG.test4" name="test1" time="0.002"/>
  <system-out/>
  <testcase classname="testNG.test4" name="test3" time="0.002"/>
  <system-out/>
  <testcase classname="testNG.test4" name="test" time="0.002"/>
  <system-out/>
</testsuite> <!-- testNG.test4 -->
