<?xml version="1.0" encoding="UTF-8"?>
<testng-results ignored="0" total="13" passed="13" failed="0" skipped="0">
  <reporter-output>
  </reporter-output>
  <suite started-at="2025-01-30T19:05:04 IST" name="Suite" finished-at="2025-01-30T19:05:05 IST" duration-ms="168">
    <groups>
    </groups>
    <test started-at="2025-01-30T19:05:04 IST" name="Test" finished-at="2025-01-30T19:05:05 IST" duration-ms="168">
      <class name="test.test.testNG">
        <test-method signature="test1()[pri:0, instance:test.test.testNG@2b662a77]" started-at="2025-01-30T19:05:05 IST" name="test1" finished-at="2025-01-30T19:05:05 IST" duration-ms="3" status="PASS">
          <reporter-output>
          </reporter-output>
        </test-method> <!-- test1 -->
      </class> <!-- test.test.testNG -->
      <class name="testNG.test1">
        <test-method signature="test()[pri:0, instance:testNG.test1@57a3af25]" started-at="2025-01-30T19:05:05 IST" name="test" finished-at="2025-01-30T19:05:05 IST" duration-ms="2" status="PASS">
          <reporter-output>
          </reporter-output>
        </test-method> <!-- test -->
        <test-method signature="test1()[pri:0, instance:testNG.test1@57a3af25]" started-at="2025-01-30T19:05:05 IST" name="test1" finished-at="2025-01-30T19:05:05 IST" duration-ms="2" status="PASS">
          <reporter-output>
          </reporter-output>
        </test-method> <!-- test1 -->
        <test-method signature="test3()[pri:0, instance:testNG.test1@57a3af25]" started-at="2025-01-30T19:05:05 IST" name="test3" finished-at="2025-01-30T19:05:05 IST" duration-ms="2" status="PASS">
          <reporter-output>
          </reporter-output>
        </test-method> <!-- test3 -->
      </class> <!-- testNG.test1 -->
      <class name="testNG.test2">
        <test-method signature="test()[pri:0, instance:testNG.test2@36902638]" started-at="2025-01-30T19:05:04 IST" name="test" finished-at="2025-01-30T19:05:05 IST" duration-ms="26" status="PASS">
          <reporter-output>
          </reporter-output>
        </test-method> <!-- test -->
        <test-method signature="test1()[pri:0, instance:testNG.test2@36902638]" started-at="2025-01-30T19:05:05 IST" name="test1" finished-at="2025-01-30T19:05:05 IST" duration-ms="5" status="PASS">
          <reporter-output>
          </reporter-output>
        </test-method> <!-- test1 -->
        <test-method signature="test3()[pri:0, instance:testNG.test2@36902638]" started-at="2025-01-30T19:05:05 IST" name="test3" finished-at="2025-01-30T19:05:05 IST" duration-ms="6" status="PASS">
          <reporter-output>
          </reporter-output>
        </test-method> <!-- test3 -->
      </class> <!-- testNG.test2 -->
      <class name="testNG.test3">
        <test-method signature="test()[pri:0, instance:testNG.test3@5c33f1a9]" started-at="2025-01-30T19:05:05 IST" name="test" finished-at="2025-01-30T19:05:05 IST" duration-ms="2" status="PASS">
          <reporter-output>
          </reporter-output>
        </test-method> <!-- test -->
        <test-method signature="test1()[pri:0, instance:testNG.test3@5c33f1a9]" started-at="2025-01-30T19:05:05 IST" name="test1" finished-at="2025-01-30T19:05:05 IST" duration-ms="4" status="PASS">
          <reporter-output>
          </reporter-output>
        </test-method> <!-- test1 -->
        <test-method signature="test3()[pri:0, instance:testNG.test3@5c33f1a9]" started-at="2025-01-30T19:05:05 IST" name="test3" finished-at="2025-01-30T19:05:05 IST" duration-ms="2" status="PASS">
          <reporter-output>
          </reporter-output>
        </test-method> <!-- test3 -->
      </class> <!-- testNG.test3 -->
      <class name="testNG.test4">
        <test-method signature="test()[pri:0, instance:testNG.test4@7f0eb4b4]" started-at="2025-01-30T19:05:05 IST" name="test" finished-at="2025-01-30T19:05:05 IST" duration-ms="2" status="PASS">
          <reporter-output>
          </reporter-output>
        </test-method> <!-- test -->
        <test-method signature="test1()[pri:0, instance:testNG.test4@7f0eb4b4]" started-at="2025-01-30T19:05:05 IST" name="test1" finished-at="2025-01-30T19:05:05 IST" duration-ms="2" status="PASS">
          <reporter-output>
          </reporter-output>
        </test-method> <!-- test1 -->
        <test-method signature="test3()[pri:0, instance:testNG.test4@7f0eb4b4]" started-at="2025-01-30T19:05:05 IST" name="test3" finished-at="2025-01-30T19:05:05 IST" duration-ms="2" status="PASS">
          <reporter-output>
          </reporter-output>
        </test-method> <!-- test3 -->
      </class> <!-- testNG.test4 -->
    </test> <!-- Test -->
  </suite> <!-- Suite -->
</testng-results>
