<?xml version="1.0" encoding="UTF-8"?>
<!-- Generated by org.testng.reporters.JUnitXMLReporter -->
<testsuite ignored="0" hostname="DESKTOP-3HV04S5" failures="0" tests="13" name="Test" time="0.168" errors="0" timestamp="2025-01-30T19:05:05 IST">
  <testcase classname="testNG.test2" name="test" time="0.026"/>
  <testcase classname="testNG.test2" name="test1" time="0.005"/>
  <testcase classname="testNG.test2" name="test3" time="0.006"/>
  <testcase classname="testNG.test1" name="test" time="0.002"/>
  <testcase classname="testNG.test1" name="test1" time="0.002"/>
  <testcase classname="testNG.test1" name="test3" time="0.002"/>
  <testcase classname="test.test.testNG" name="test1" time="0.003"/>
  <testcase classname="testNG.test4" name="test" time="0.002"/>
  <testcase classname="testNG.test4" name="test1" time="0.002"/>
  <testcase classname="testNG.test4" name="test3" time="0.002"/>
  <testcase classname="testNG.test3" name="test" time="0.002"/>
  <testcase classname="testNG.test3" name="test1" time="0.004"/>
  <testcase classname="testNG.test3" name="test3" time="0.002"/>
</testsuite> <!-- Test -->
